\BOOKMARK [1][-]{section.1}{\332vod}{}% 1
\BOOKMARK [2][-]{subsection.1.1}{Autori a zdroje informac\355}{section.1}% 2
\BOOKMARK [2][-]{subsection.1.2}{Overen\355 validity modelu}{section.1}% 3
\BOOKMARK [1][-]{section.2}{Rozbor t\351matu a pou\236it\375ch metod}{}% 4
\BOOKMARK [2][-]{subsection.2.1}{Rmutov\341n\355}{section.2}% 5
\BOOKMARK [2][-]{subsection.2.2}{Scezen\355}{section.2}% 6
\BOOKMARK [2][-]{subsection.2.3}{Chmelovar}{section.2}% 7
\BOOKMARK [2][-]{subsection.2.4}{Kva\235en\355}{section.2}% 8
\BOOKMARK [2][-]{subsection.2.5}{Pou\236it\351 postupy}{section.2}% 9
\BOOKMARK [2][-]{subsection.2.6}{Puvod pou\236it\375ch postupu}{section.2}% 10
\BOOKMARK [1][-]{section.3}{Koncepce modelu}{}% 11
\BOOKMARK [2][-]{subsection.3.1}{Zjednodu\235en\375 model}{section.3}% 12
\BOOKMARK [2][-]{subsection.3.2}{Oduvodnen\355 vybran\351 c\341sti modelov\341n\355}{section.3}% 13
\BOOKMARK [2][-]{subsection.3.3}{Popis konceptu}{section.3}% 14
\BOOKMARK [1][-]{section.4}{Architektura simulacn\355ho modelu}{}% 15
\BOOKMARK [1][-]{section.5}{Podstata simulacn\355ch experimentu a jejich prubeh}{}% 16
\BOOKMARK [2][-]{subsection.5.1}{Postup experimentov\341n\355}{section.5}% 17
\BOOKMARK [2][-]{subsection.5.2}{Prubeh experimentu}{section.5}% 18
\BOOKMARK [3][-]{subsubsection.5.2.1}{Experiment 1}{subsection.5.2}% 19
\BOOKMARK [3][-]{subsubsection.5.2.2}{Experiment 2}{subsection.5.2}% 20
\BOOKMARK [3][-]{subsubsection.5.2.3}{Experiment 3}{subsection.5.2}% 21
\BOOKMARK [3][-]{subsubsection.5.2.4}{Experiment 4}{subsection.5.2}% 22
\BOOKMARK [2][-]{subsection.5.3}{Z\341very experimentu}{section.5}% 23
\BOOKMARK [1][-]{section.6}{Shrnut\355 simulacn\355ch experimentu a z\341ver}{}% 24
